This file contains any messages produced by compilers while
running configure, to aid debugging if configure makes a mistake.

It was created by qball configure alsos, which was
generated by GNU Autoconf 2.63.  Invocation command line was

  $ ./configure --with-essl-prefix=/soft/libraries/essl/current/ --with-xerces-prefix=/home/dyost/Dsource/Dlib/xerces-c-3.1.1/Dbuild/ --with-lapack=/soft/libraries/alcf/current/xl/LAPACK/lib/liblapack.a --with-scalapack=/soft/libraries/alcf/current/xl/SCALAPACK/lib/libscalapack.a --prefix=/home/dyost/qball/qball_etrs/

## --------- ##
## Platform. ##
## --------- ##

hostname = miralac1
uname -m = ppc64
uname -r = 2.6.32-573.35.2.el6.ppc64
uname -s = Linux
uname -v = #1 SMP Mon Oct 24 14:00:41 EDT 2016

/usr/bin/uname -p = unknown
/bin/uname -X     = unknown

/bin/arch              = ppc64
/usr/bin/arch -k       = unknown
/usr/convex/getsysinfo = unknown
/usr/bin/hostinfo      = unknown
/bin/machine           = unknown
/usr/bin/oslevel       = unknown
/bin/universe          = unknown

PATH: /usr/lib64/qt-3.3/bin
PATH: /soft/perftools/darshan/darshan/bin
PATH: /soft/compilers/wrappers/xl
PATH: /soft/debuggers/ddt/bin
PATH: /home/dyost/bin
PATH: /soft/environment/softenv-1.6.2/bin
PATH: /bin
PATH: /usr/bin
PATH: /usr/local/bin
PATH: /usr/X11R6/bin
PATH: /sbin
PATH: /usr/sbin
PATH: /bgsys/drivers/V1R2M2/ppc64/gnu-linux/bin
PATH: /bgsys/drivers/V1R2M2/ppc64/hlcs/bin
PATH: /soft/debuggers/scripts/bin
PATH: /soft/cobalt/bin
PATH: /soft/accttools/bin
PATH: /soft/buildtools/trackdeps/bin
PATH: /soft/compilers/ibmcmp-may2016/vac/bg/12.1/bin
PATH: /soft/compilers/ibmcmp-may2016/vacpp/bg/12.1/bin
PATH: /soft/compilers/ibmcmp-may2016/xlf/bg/14.1/bin
PATH: /dbhome/db2cat/sqllib/bin
PATH: /dbhome/db2cat/sqllib/adm
PATH: /dbhome/db2cat/sqllib/misc
PATH: /usr/lpp/mmfs/bin
PATH: /home/dyost/bin


## ----------- ##
## Core tests. ##
## ----------- ##

configure:1951: checking for a BSD-compatible install
configure:2019: result: /usr/bin/install -c
configure:2030: checking whether build environment is sane
configure:2090: result: yes
configure:2231: checking for a thread-safe mkdir -p
configure:2270: result: /bin/mkdir -p
configure:2283: checking for gawk
configure:2299: found /bin/gawk
configure:2310: result: gawk
configure:2321: checking whether make sets $(MAKE)
configure:2343: result: yes
configure:2367: error: source directory already configured; run "make distclean" there first

## ---------------- ##
## Cache variables. ##
## ---------------- ##

ac_cv_env_CCC_set=
ac_cv_env_CCC_value=
ac_cv_env_CC_set=set
ac_cv_env_CC_value=/bgsys/drivers/ppcfloor/comm/bin/xl/mpic++
ac_cv_env_CFLAGS_set=set
ac_cv_env_CFLAGS_value='-qhot=novector -qsimd=auto -g -O3 -DUSE_MPI -DSCALAPACK -D  -I/soft/libraries/essl/current//include -I/home/dyost/Dsource/Dlib/xerces-c-3.1.1/Dbuild/include  -DPRINTALL -DUSE_ESSL -DUSE_CSTDIO_LFS -D_LARGEFILE_SOURCE -D_FILE_OFFSET_BITS=64 -DHPM -DUSE_XERCES -DXERCESC_3'
ac_cv_env_CPPFLAGS_set=
ac_cv_env_CPPFLAGS_value=
ac_cv_env_CPP_set=
ac_cv_env_CPP_value=
ac_cv_env_CXXCPP_set=
ac_cv_env_CXXCPP_value=
ac_cv_env_CXXFLAGS_set=set
ac_cv_env_CXXFLAGS_value=' -g -O3 -qarch=qp -qsmp=omp -qtune=qp -DUSE_MPI -DSCALAPACK -D  -I/soft/libraries/essl/current//include -I/home/dyost/Dsource/Dlib/xerces-c-3.1.1/Dbuild/include  -DPRINTALL -DUSE_ESSL -DUSE_CSTDIO_LFS -D_LARGEFILE_SOURCE -D_FILE_OFFSET_BITS=64 -DHPM -DUSE_XERCES -DXERCESC_3'
ac_cv_env_CXX_set=set
ac_cv_env_CXX_value=/bgsys/drivers/ppcfloor/comm/bin/xl/mpic++
ac_cv_env_FCFLAGS_set=
ac_cv_env_FCFLAGS_value=
ac_cv_env_FC_set=
ac_cv_env_FC_value=
ac_cv_env_LDFLAGS_set=set
ac_cv_env_LDFLAGS_value=' -L/soft/libraries/alcf/current/xl/LAPACK/lib -L/soft/libraries/alcf/current/xl/BLAS/lib -L/soft/libraries/essl/current//lib64 -L/soft/compilers/ibmcmp-nov2014/xlsmp/bg/3.1/bglib64         -L/soft/compilers/ibmcmp-nov2014/xlf/bg/14.1/bglib64 -L/home/dyost/Dsource/Dlib/xerces-c-3.1.1/Dbuild/lib /soft/libraries/alcf/current/xl/SCALAPACK/lib/libscalapack.a -L/soft/perftools/hpctw/lib -lmpihpm_smp -L/bgsys/drivers/ppcfloor/bgpm/lib -lbgpm -lesslsmpbg -llapack -lxlf90_r -lxlsmp -lxlfmath -lxerces-c -qarch=qp -qstaticlink -lc -lnss_files -lnss_dns -lresolv'
ac_cv_env_LIBS_set=set
ac_cv_env_LIBS_value='/soft/libraries/alcf/current/xl/SCALAPACK/lib/libscalapack.a -L/soft/perftools/hpctw/lib -lmpihpm_smp -L/bgsys/drivers/ppcfloor/bgpm/lib -lbgpm -lesslsmpbg -llapack -lxlf90_r -lxlsmp -lxlfmath -lxerces-c'
ac_cv_env_build_alias_set=
ac_cv_env_build_alias_value=
ac_cv_env_host_alias_set=
ac_cv_env_host_alias_value=
ac_cv_env_target_alias_set=
ac_cv_env_target_alias_value=
ac_cv_path_install='/usr/bin/install -c'
ac_cv_path_mkdir=/bin/mkdir
ac_cv_prog_AWK=gawk
ac_cv_prog_make_make_set=yes

## ----------------- ##
## Output variables. ##
## ----------------- ##

ACLOCAL=''
AMDEPBACKSLASH=''
AMDEP_FALSE=''
AMDEP_TRUE=''
AMTAR=''
AUTOCONF=''
AUTOHEADER=''
AUTOMAKE=''
AWK='gawk'
CC='/bgsys/drivers/ppcfloor/comm/bin/xl/mpic++'
CCDEPMODE=''
CFLAGS='-qhot=novector -qsimd=auto -g -O3 -DUSE_MPI -DSCALAPACK -D  -I/soft/libraries/essl/current//include -I/home/dyost/Dsource/Dlib/xerces-c-3.1.1/Dbuild/include  -DPRINTALL -DUSE_ESSL -DUSE_CSTDIO_LFS -D_LARGEFILE_SOURCE -D_FILE_OFFSET_BITS=64 -DHPM -DUSE_XERCES -DXERCESC_3'
CPP=''
CPPFLAGS=''
CXX='/bgsys/drivers/ppcfloor/comm/bin/xl/mpic++'
CXXCPP=''
CXXDEPMODE=''
CXXFLAGS=' -g -O3 -qarch=qp -qsmp=omp -qtune=qp -DUSE_MPI -DSCALAPACK -D  -I/soft/libraries/essl/current//include -I/home/dyost/Dsource/Dlib/xerces-c-3.1.1/Dbuild/include  -DPRINTALL -DUSE_ESSL -DUSE_CSTDIO_LFS -D_LARGEFILE_SOURCE -D_FILE_OFFSET_BITS=64 -DHPM -DUSE_XERCES -DXERCESC_3'
CYGPATH_W=''
DEFS=''
DEPDIR=''
ECHO_C=''
ECHO_N='-n'
ECHO_T=''
EGREP=''
EXEEXT=''
FC=''
FCFLAGS=''
FCLIBS=''
GREP=''
INSTALL_DATA='${INSTALL} -m 644'
INSTALL_PROGRAM='${INSTALL}'
INSTALL_SCRIPT='${INSTALL}'
INSTALL_STRIP_PROGRAM='$(install_sh) -c -s'
LDFLAGS=' -L/soft/libraries/alcf/current/xl/LAPACK/lib -L/soft/libraries/alcf/current/xl/BLAS/lib -L/soft/libraries/essl/current//lib64 -L/soft/compilers/ibmcmp-nov2014/xlsmp/bg/3.1/bglib64         -L/soft/compilers/ibmcmp-nov2014/xlf/bg/14.1/bglib64 -L/home/dyost/Dsource/Dlib/xerces-c-3.1.1/Dbuild/lib /soft/libraries/alcf/current/xl/SCALAPACK/lib/libscalapack.a -L/soft/perftools/hpctw/lib -lmpihpm_smp -L/bgsys/drivers/ppcfloor/bgpm/lib -lbgpm -lesslsmpbg -llapack -lxlf90_r -lxlsmp -lxlfmath -lxerces-c -qarch=qp -qstaticlink -lc -lnss_files -lnss_dns -lresolv'
LIBOBJS=''
LIBS='/soft/libraries/alcf/current/xl/SCALAPACK/lib/libscalapack.a -L/soft/perftools/hpctw/lib -lmpihpm_smp -L/bgsys/drivers/ppcfloor/bgpm/lib -lbgpm -lesslsmpbg -llapack -lxlf90_r -lxlsmp -lxlfmath -lxerces-c'
LIBS_BLACS=''
LIBS_BLAS='-L/soft/libraries/alcf/current/xl/BLAS/lib/ -lesslsmpbg'
LIBS_LAPACK=''
LIBS_SCALAPACK=''
LN_S=''
LTLIBOBJS=''
MAKEINFO=''
MKDIR_P='/bin/mkdir -p'
OBJEXT=''
PACKAGE=''
PACKAGE_BUGREPORT='xavier@llnl.gov'
PACKAGE_NAME='qball'
PACKAGE_STRING='qball alsos'
PACKAGE_TARNAME='qball'
PACKAGE_VERSION='alsos'
PATH_SEPARATOR=':'
POW_LIB=''
PTHREAD_CC=''
PTHREAD_CFLAGS=''
PTHREAD_LIBS=''
RANLIB=''
SED=''
SET_MAKE=''
SHELL='/bin/sh'
STRIP=''
VERSION=''
XERCES_CPPFLAGS=''
XERCES_LDFLAGS=''
XERCES_LIBS=''
XERCES_VERSION=''
ac_ct_CC=''
ac_ct_CXX=''
ac_ct_FC=''
am__EXEEXT_FALSE=''
am__EXEEXT_TRUE=''
am__fastdepCC_FALSE=''
am__fastdepCC_TRUE=''
am__fastdepCXX_FALSE=''
am__fastdepCXX_TRUE=''
am__include=''
am__isrc=' -I$(srcdir)'
am__leading_dot='.'
am__quote=''
am__tar=''
am__untar=''
ax_pthread_config=''
bindir='${exec_prefix}/bin'
build=''
build_alias=''
build_cpu=''
build_os=''
build_vendor=''
datadir='${datarootdir}'
datarootdir='${prefix}/share'
docdir='${datarootdir}/doc/${PACKAGE_TARNAME}'
dvidir='${docdir}'
exec_prefix='NONE'
host=''
host_alias=''
host_cpu=''
host_os=''
host_vendor=''
htmldir='${docdir}'
includedir='${prefix}/include'
infodir='${datarootdir}/info'
install_sh='${SHELL} /home/dyost/qball/qball_etrs_proj/install-sh'
libdir='${exec_prefix}/lib'
libexecdir='${exec_prefix}/libexec'
localedir='${datarootdir}/locale'
localstatedir='${prefix}/var'
mandir='${datarootdir}/man'
mkdir_p='/bin/mkdir -p'
oldincludedir='/usr/include'
pdfdir='${docdir}'
prefix='/home/dyost/qball/qball_etrs'
program_transform_name='s,x,x,'
psdir='${docdir}'
sbindir='${exec_prefix}/sbin'
sharedstatedir='${prefix}/com'
sysconfdir='${prefix}/etc'
target_alias=''

## ----------- ##
## confdefs.h. ##
## ----------- ##

#define PACKAGE_NAME "qball"
#define PACKAGE_TARNAME "qball"
#define PACKAGE_VERSION "alsos"
#define PACKAGE_STRING "qball alsos"
#define PACKAGE_BUGREPORT "xavier@llnl.gov"

configure: exit 1
